<?xml version="1.0" encoding="UTF-8"?>
<robot generator="Robot 4.1.2 (Python 3.10.0 on win32)" generated="20220113 16:21:53.786" rpa="false" schemaversion="2">
<suite id="s1" name="TC2 Changepassword CheckPA" source="C:\Users\UC\PycharmProjects\openweb\AS53pylib\AS53Web\TC2_Changepassword_CheckPA.robot">
<test id="s1-t1" name="1. Change and verify new password on PA">
<kw name="Login PA" library="ASweb">
<arg>${ServerWeb}</arg>
<arg>${username}</arg>
<arg>${password}</arg>
<arg>${remotetest}</arg>
<msg timestamp="20220113 16:21:54.010" level="INFO">Accessing PA Web with chrome</msg>
<msg timestamp="20220113 16:22:11.667" level="INFO">Successfully access to PA</msg>
<msg timestamp="20220113 16:22:12.704" level="INFO">Get alarm on page after login PA page:Login Failed!</msg>
<msg timestamp="20220113 16:22:13.000" level="ERROR">Login PA failure Message: element not interactable
  (Session info: chrome=97.0.4692.71)
</msg>
<msg timestamp="20220113 16:22:13.010" level="FAIL">ElementNotInteractableException: Message: element not interactable
  (Session info: chrome=97.0.4692.71)
</msg>
<status status="FAIL" starttime="20220113 16:21:54.010" endtime="20220113 16:22:13.010"/>
</kw>
<kw name="Sleep" library="BuiltIn">
<arg>3s</arg>
<doc>Pauses the test executed for the given time.</doc>
<status status="NOT RUN" starttime="20220113 16:22:13.011" endtime="20220113 16:22:13.011"/>
</kw>
<kw name="Log To Console" library="BuiltIn">
<arg>Verify User change password on PA</arg>
<doc>Logs the given message to the console.</doc>
<status status="NOT RUN" starttime="20220113 16:22:13.011" endtime="20220113 16:22:13.011"/>
</kw>
<kw name="Change user password on PA">
<arg>${username}</arg>
<arg>${password}</arg>
<arg>${newpassword}</arg>
<status status="NOT RUN" starttime="20220113 16:22:13.013" endtime="20220113 16:22:13.013"/>
</kw>
<kw name="Close Browser" library="ASweb">
<status status="NOT RUN" starttime="20220113 16:22:13.013" endtime="20220113 16:22:13.013"/>
</kw>
<kw name="Run Keyword If Test Failed" library="BuiltIn" type="TEARDOWN">
<arg>Clean Up Web</arg>
<doc>Runs the given keyword with the given arguments, if the test failed.</doc>
<kw name="Clean Up Web" library="ASweb">
<msg timestamp="20220113 16:22:13.014" level="INFO">Collect logs and take screenshot</msg>
<msg timestamp="20220113 16:22:13.014" level="INFO">Taking screenshot...</msg>
<msg timestamp="20220113 16:22:13.014" level="INFO">screenshot_name: C:\Users\UC\PycharmProjects\openweb\AS53pylib\Collectlogs\Screenshot-2022-01-13-16-22-13.013905.png</msg>
<msg timestamp="20220113 16:22:13.210" level="INFO">Take screenshot successfully with path: C:\Users\UC\PycharmProjects\openweb\AS53pylib\Collectlogs\Screenshot-2022-01-13-16-22-13.013905.png</msg>
<msg timestamp="20220113 16:22:13.211" level="INFO">&lt;C:\Users\UC\PycharmProjects\openweb\AS53pylib\Collectlogs\Screenshot-2022-01-13-16-22-13.013905.png&gt;</msg>
<status status="PASS" starttime="20220113 16:22:13.014" endtime="20220113 16:22:41.599"/>
</kw>
<status status="PASS" starttime="20220113 16:22:13.014" endtime="20220113 16:22:41.599"/>
</kw>
<tag>PW</tag>
<status status="FAIL" starttime="20220113 16:21:54.009" endtime="20220113 16:22:41.601">ElementNotInteractableException: Message: element not interactable
  (Session info: chrome=97.0.4692.71)
</status>
</test>
<doc>Admin add new User on PROV and check user infor on PA</doc>
<status status="FAIL" starttime="20220113 16:21:53.790" endtime="20220113 16:22:41.606"/>
</suite>
<statistics>
<total>
<stat pass="0" fail="1" skip="0">All Tests</stat>
</total>
<tag>
<stat pass="0" fail="1" skip="0">PW</stat>
</tag>
<suite>
<stat pass="0" fail="1" skip="0" id="s1" name="TC2 Changepassword CheckPA">TC2 Changepassword CheckPA</stat>
</suite>
</statistics>
<errors>
<msg timestamp="20220113 16:22:13.000" level="ERROR">Login PA failure Message: element not interactable
  (Session info: chrome=97.0.4692.71)
</msg>
</errors>
</robot>
