<?xml version="1.0" encoding="UTF-8"?>
<robot generator="Robot 4.1.2 (Python 3.9.7 on win32)" generated="20220110 10:19:02.297" rpa="false" schemaversion="2">
<suite id="s1" name="TC3" source="C:\Users\phaml\PycharmProjects\PythonAutomation-main\AS53pylib\AS53App\TC3.robot">
<test id="s1-t1" name="1. Search GAB and add contact for user">
<kw name="Open UCC" library="ASapp" type="SETUP">
<status status="PASS" starttime="20220110 10:19:02.817" endtime="20220110 10:19:14.599"/>
</kw>
<kw name="Setup username and password" library="ASapp">
<arg>${USER_A}</arg>
<arg>${NETWORK}</arg>
<msg timestamp="20220110 10:19:49.851" level="INFO">User not change</msg>
<msg timestamp="20220110 10:19:49.851" level="INFO">Change to username:88109 and network:10.255.251.183</msg>
<status status="PASS" starttime="20220110 10:19:14.600" endtime="20220110 10:19:49.852"/>
</kw>
<kw name="Login to UCC" library="ASapp">
<arg>${PASSWORD}</arg>
<msg timestamp="20220110 10:20:33.825" level="INFO">Login successful</msg>
<status status="PASS" starttime="20220110 10:19:49.852" endtime="20220110 10:20:33.825"/>
</kw>
<kw name="Search GAB" library="ASapp">
<arg>${TYPE_SEARCH}</arg>
<arg>${INPUT_TEXT}</arg>
<msg timestamp="20220110 10:21:25.726" level="INFO">Search successfully!!!</msg>
<status status="PASS" starttime="20220110 10:20:33.825" endtime="20220110 10:21:25.726"/>
</kw>
<kw name="Run Keyword If Test Failed" library="BuiltIn" type="TEARDOWN">
<arg>Screenshot and Clean Up</arg>
<doc>Runs the given keyword with the given arguments, if the test failed.</doc>
<status status="PASS" starttime="20220110 10:21:25.726" endtime="20220110 10:21:25.727"/>
</kw>
<tag>TC3-1</tag>
<status status="PASS" starttime="20220110 10:19:02.817" endtime="20220110 10:21:25.727"/>
</test>
<test id="s1-t2" name="2. Add 1 contact to Personal Address Book">
<kw name="Open UCC" library="ASapp" type="SETUP">
<status status="PASS" starttime="20220110 10:21:25.728" endtime="20220110 10:21:37.492"/>
</kw>
<kw name="Add 1 contact" library="ASapp">
<arg>${USER_ADDED}</arg>
<msg timestamp="20220110 10:22:11.546" level="FAIL">User 88115 already exists in contact</msg>
<status status="FAIL" starttime="20220110 10:21:37.493" endtime="20220110 10:22:11.546"/>
</kw>
<kw name="Logout" library="ASapp">
<status status="NOT RUN" starttime="20220110 10:22:11.547" endtime="20220110 10:22:11.547"/>
</kw>
<kw name="Run Keyword If Test Failed" library="BuiltIn" type="TEARDOWN">
<arg>Screenshot and Clean Up</arg>
<doc>Runs the given keyword with the given arguments, if the test failed.</doc>
<kw name="Screenshot and Clean Up" library="ASapp">
<status status="PASS" starttime="20220110 10:22:11.547" endtime="20220110 10:22:42.664"/>
</kw>
<status status="PASS" starttime="20220110 10:22:11.547" endtime="20220110 10:22:42.664"/>
</kw>
<tag>TC3-2</tag>
<status status="FAIL" starttime="20220110 10:21:25.728" endtime="20220110 10:22:42.664">User 88115 already exists in contact</status>
</test>
<status status="FAIL" starttime="20220110 10:19:02.298" endtime="20220110 10:22:42.666"/>
</suite>
<statistics>
<total>
<stat pass="1" fail="1" skip="0">All Tests</stat>
</total>
<tag>
<stat pass="1" fail="0" skip="0">TC3-1</stat>
<stat pass="0" fail="1" skip="0">TC3-2</stat>
</tag>
<suite>
<stat pass="1" fail="1" skip="0" id="s1" name="TC3">TC3</stat>
</suite>
</statistics>
<errors>
</errors>
</robot>
